{"C:\\Users\\Brycen\\Desktop\\inter-galactic-planetary-age-calculator\\src\\space-calculator.js": {"path":"C:\\Users\\Brycen\\Desktop\\inter-galactic-planetary-age-calculator\\src\\space-calculator.js","statementMap":{"0":{"start":{"line":3,"column":4},"end":{"line":3,"column":21}},"1":{"start":{"line":4,"column":4},"end":{"line":4,"column":19}},"2":{"start":{"line":5,"column":4},"end":{"line":5,"column":18}}},"fnMap":{"0":{"name":"(anonymous_0)","decl":{"start":{"line":2,"column":2},"end":{"line":2,"column":3}},"loc":{"start":{"line":2,"column":25},"end":{"line":6,"column":3}},"line":2}},"branchMap":{},"s":{"0":2,"1":2,"2":2},"f":{"0":2},"b":{},"_coverageSchema":"43e27e138ebf9cfc5966b082cf9a028302ed4184","hash":"25c22a3049351a6c9aa6eead199aa5fe6ca3ff8f"}
}
