TN:
SF:C:\Users\Brycen\Desktop\inter-galactic-planetary-age-calculator\src\space-calculator.js
FN:2,(anonymous_0)
FN:5,(anonymous_1)
FN:11,(anonymous_2)
FN:18,(anonymous_3)
FN:21,(anonymous_4)
FN:24,(anonymous_5)
FN:27,(anonymous_6)
FN:30,(anonymous_7)
FNF:8
FNH:8
FNDA:1,(anonymous_0)
FNDA:1,(anonymous_1)
FNDA:8,(anonymous_2)
FNDA:1,(anonymous_3)
FNDA:1,(anonymous_4)
FNDA:1,(anonymous_5)
FNDA:1,(anonymous_6)
FNDA:2,(anonymous_7)
DA:3,1
DA:6,1
DA:12,8
DA:13,8
DA:14,8
DA:15,8
DA:16,8
DA:19,1
DA:22,1
DA:25,1
DA:28,1
DA:31,2
DA:32,1
DA:33,1
DA:35,1
DA:36,1
LF:16
LH:16
BRDA:31,0,0,1
BRDA:31,0,1,1
BRF:2
BRH:2
end_of_record
